{"/home/cassio-izidorio/SSD/dev-tests/ilumeo/src/app.controller.ts": {"path":"/home/cassio-izidorio/SSD/dev-tests/ilumeo/src/app.controller.ts","statementMap":{"0":{"start":{"line":1,"column":0},"end":{"line":1,"column":49}},"1":{"start":{"line":2,"column":0},"end":{"line":2,"column":53}},"2":{"start":{"line":5,"column":7},"end":{"line":13,"column":null}},"3":{"start":{"line":11,"column":4},"end":{"line":11,"column":31}},"4":{"start":{"line":5,"column":13},"end":{"line":5,"column":26}},"5":{"start":{"line":10,"column":2},"end":{"line":12,"column":null}},"6":{"start":{"line":5,"column":13},"end":{"line":13,"column":null}}},"fnMap":{"0":{"name":"(anonymous_2)","decl":{"start":{"line":6,"column":2},"end":{"line":6,"column":17}},"loc":{"start":{"line":6,"column":2},"end":{"line":6,"column":18}}},"1":{"name":"(anonymous_3)","decl":{"start":{"line":10,"column":2},"end":{"line":10,"column":10}},"loc":{"start":{"line":10,"column":10},"end":{"line":12,"column":3}}}},"branchMap":{},"s":{"0":0,"1":0,"2":0,"3":0,"4":0,"5":0,"6":0},"f":{"0":0,"1":0},"b":{}}
,"/home/cassio-izidorio/SSD/dev-tests/ilumeo/src/main.ts": {"path":"/home/cassio-izidorio/SSD/dev-tests/ilumeo/src/main.ts","statementMap":{"0":{"start":{"line":1,"column":0},"end":{"line":1,"column":43}},"1":{"start":{"line":2,"column":0},"end":{"line":2,"column":41}},"2":{"start":{"line":3,"column":0},"end":{"line":3,"column":65}},"3":{"start":{"line":5,"column":0},"end":{"line":5,"column":48}},"4":{"start":{"line":6,"column":0},"end":{"line":6,"column":null}},"5":{"start":{"line":14,"column":14},"end":{"line":14,"column":49}},"6":{"start":{"line":16,"column":2},"end":{"line":18,"column":5}},"7":{"start":{"line":20,"column":17},"end":{"line":25,"column":12}},"8":{"start":{"line":27,"column":2},"end":{"line":27,"column":25}},"9":{"start":{"line":29,"column":19},"end":{"line":29,"column":60}},"10":{"start":{"line":30,"column":2},"end":{"line":30,"column":43}},"11":{"start":{"line":32,"column":2},"end":{"line":32,"column":45}},"12":{"start":{"line":34,"column":0},"end":{"line":34,"column":12}}},"fnMap":{"0":{"name":"bootstrap","decl":{"start":{"line":13,"column":15},"end":{"line":13,"column":24}},"loc":{"start":{"line":13,"column":24},"end":{"line":33,"column":1}}}},"branchMap":{"0":{"loc":{"start":{"line":32,"column":19},"end":{"line":32,"column":43}},"type":"binary-expr","locations":[{"start":{"line":32,"column":19},"end":{"line":32,"column":35}},{"start":{"line":32,"column":39},"end":{"line":32,"column":43}}]}},"s":{"0":0,"1":0,"2":0,"3":0,"4":0,"5":0,"6":0,"7":0,"8":0,"9":0,"10":0,"11":0,"12":0},"f":{"0":0},"b":{"0":[0,0]}}
,"/home/cassio-izidorio/SSD/dev-tests/ilumeo/src/@types/index.d.ts": {"path":"/home/cassio-izidorio/SSD/dev-tests/ilumeo/src/@types/index.d.ts","statementMap":{},"fnMap":{},"branchMap":{},"s":{},"f":{},"b":{}}
,"/home/cassio-izidorio/SSD/dev-tests/ilumeo/src/infrastructure/controllers/conversion-rate/conversion-rate.controller.ts": {"path":"/home/cassio-izidorio/SSD/dev-tests/ilumeo/src/infrastructure/controllers/conversion-rate/conversion-rate.controller.ts","statementMap":{"0":{"start":{"line":1,"column":0},"end":{"line":1,"column":90}},"1":{"start":{"line":2,"column":0},"end":{"line":2,"column":75}},"2":{"start":{"line":3,"column":0},"end":{"line":3,"column":56}},"3":{"start":{"line":4,"column":0},"end":{"line":4,"column":57}},"4":{"start":{"line":7,"column":7},"end":{"line":41,"column":null}},"5":{"start":{"line":8,"column":31},"end":{"line":8,"column":54}},"6":{"start":{"line":39,"column":4},"end":{"line":39,"column":72}},"7":{"start":{"line":7,"column":13},"end":{"line":7,"column":37}},"8":{"start":{"line":38,"column":8},"end":{"line":40,"column":null}},"9":{"start":{"line":7,"column":13},"end":{"line":41,"column":null}}},"fnMap":{"0":{"name":"(anonymous_4)","decl":{"start":{"line":8,"column":2},"end":{"line":8,"column":31}},"loc":{"start":{"line":8,"column":75},"end":{"line":8,"column":79}}},"1":{"name":"(anonymous_5)","decl":{"start":{"line":38,"column":2},"end":{"line":38,"column":7}},"loc":{"start":{"line":38,"column":73},"end":{"line":40,"column":3}}}},"branchMap":{},"s":{"0":1,"1":1,"2":1,"3":1,"4":1,"5":3,"6":2,"7":1,"8":1,"9":1},"f":{"0":3,"1":2},"b":{}}
,"/home/cassio-izidorio/SSD/dev-tests/ilumeo/src/infrastructure/jobs/conversion-rate-rollup.job.ts": {"path":"/home/cassio-izidorio/SSD/dev-tests/ilumeo/src/infrastructure/jobs/conversion-rate-rollup.job.ts","statementMap":{"0":{"start":{"line":1,"column":0},"end":{"line":1,"column":52}},"1":{"start":{"line":2,"column":0},"end":{"line":2,"column":56}},"2":{"start":{"line":3,"column":0},"end":{"line":3,"column":37}},"3":{"start":{"line":6,"column":40},"end":{"line":19,"column":null}},"4":{"start":{"line":8,"column":31},"end":{"line":8,"column":43}},"5":{"start":{"line":7,"column":19},"end":{"line":7,"column":73}},"6":{"start":{"line":13,"column":4},"end":{"line":13,"column":67}},"7":{"start":{"line":14,"column":4},"end":{"line":16,"column":6}},"8":{"start":{"line":17,"column":4},"end":{"line":17,"column":44}},"9":{"start":{"line":6,"column":13},"end":{"line":6,"column":40}},"10":{"start":{"line":12,"column":8},"end":{"line":18,"column":null}},"11":{"start":{"line":6,"column":13},"end":{"line":19,"column":null}}},"fnMap":{"0":{"name":"(anonymous_2)","decl":{"start":{"line":8,"column":2},"end":{"line":8,"column":31}},"loc":{"start":{"line":8,"column":53},"end":{"line":8,"column":57}}},"1":{"name":"(anonymous_3)","decl":{"start":{"line":12,"column":2},"end":{"line":12,"column":7}},"loc":{"start":{"line":12,"column":21},"end":{"line":18,"column":3}}}},"branchMap":{},"s":{"0":0,"1":0,"2":0,"3":0,"4":0,"5":0,"6":0,"7":0,"8":0,"9":0,"10":0,"11":0},"f":{"0":0,"1":0},"b":{}}
,"/home/cassio-izidorio/SSD/dev-tests/ilumeo/src/infrastructure/logger/formats/fast-redact.formats.ts": {"path":"/home/cassio-izidorio/SSD/dev-tests/ilumeo/src/infrastructure/logger/formats/fast-redact.formats.ts","statementMap":{"0":{"start":{"line":13,"column":0},"end":{"line":13,"column":16}},"1":{"start":{"line":17,"column":45},"end":{"line":17,"column":52}},"2":{"start":{"line":19,"column":17},"end":{"line":37,"column":3}},"3":{"start":{"line":20,"column":4},"end":{"line":36,"column":5}},"4":{"start":{"line":22,"column":18},"end":{"line":22,"column":30}},"5":{"start":{"line":23,"column":6},"end":{"line":25,"column":7}},"6":{"start":{"line":24,"column":8},"end":{"line":24,"column":33}},"7":{"start":{"line":28,"column":29},"end":{"line":28,"column":38}},"8":{"start":{"line":29,"column":6},"end":{"line":35,"column":7}},"9":{"start":{"line":34,"column":8},"end":{"line":34,"column":65}},"10":{"start":{"line":40,"column":20},"end":{"line":40,"column":51}},"11":{"start":{"line":42,"column":2},"end":{"line":45,"column":3}},"12":{"start":{"line":43,"column":22},"end":{"line":43,"column":37}},"13":{"start":{"line":44,"column":4},"end":{"line":44,"column":33}},"14":{"start":{"line":47,"column":2},"end":{"line":47,"column":35}}},"fnMap":{"0":{"name":"fastRedact","decl":{"start":{"line":13,"column":16},"end":{"line":13,"column":26}},"loc":{"start":{"line":15,"column":24},"end":{"line":48,"column":1}}},"1":{"name":"(anonymous_1)","decl":{"start":{"line":19,"column":17},"end":{"line":19,"column":18}},"loc":{"start":{"line":19,"column":78},"end":{"line":37,"column":3}}}},"branchMap":{"0":{"loc":{"start":{"line":17,"column":17},"end":{"line":17,"column":40}},"type":"default-arg","locations":[{"start":{"line":17,"column":26},"end":{"line":17,"column":40}}]},"1":{"loc":{"start":{"line":20,"column":4},"end":{"line":36,"column":5}},"type":"if","locations":[{"start":{"line":20,"column":4},"end":{"line":36,"column":5}},{"start":{"line":26,"column":11},"end":{"line":36,"column":5}}]},"2":{"loc":{"start":{"line":23,"column":6},"end":{"line":25,"column":7}},"type":"if","locations":[{"start":{"line":23,"column":6},"end":{"line":25,"column":7}}]},"3":{"loc":{"start":{"line":29,"column":6},"end":{"line":35,"column":7}},"type":"if","locations":[{"start":{"line":29,"column":6},"end":{"line":35,"column":7}}]},"4":{"loc":{"start":{"line":30,"column":8},"end":{"line":32,"column":32}},"type":"binary-expr","locations":[{"start":{"line":30,"column":8},"end":{"line":30,"column":38}},{"start":{"line":31,"column":8},"end":{"line":31,"column":43}},{"start":{"line":32,"column":8},"end":{"line":32,"column":32}}]}},"s":{"0":1,"1":0,"2":0,"3":0,"4":0,"5":0,"6":0,"7":0,"8":0,"9":0,"10":0,"11":0,"12":0,"13":0,"14":0},"f":{"0":0,"1":0},"b":{"0":[0],"1":[0,0],"2":[0],"3":[0],"4":[0,0,0]}}
,"/home/cassio-izidorio/SSD/dev-tests/ilumeo/src/infrastructure/logger/formats/redact-sensitive-keys.formats.logger.ts": {"path":"/home/cassio-izidorio/SSD/dev-tests/ilumeo/src/infrastructure/logger/formats/redact-sensitive-keys.formats.logger.ts","statementMap":{"0":{"start":{"line":2,"column":0},"end":{"line":2,"column":33}},"1":{"start":{"line":4,"column":0},"end":{"line":4,"column":51}},"2":{"start":{"line":5,"column":0},"end":{"line":5,"column":56}},"3":{"start":{"line":23,"column":28},"end":{"line":51,"column":null}},"4":{"start":{"line":26,"column":4},"end":{"line":32,"column":5}},"5":{"start":{"line":31,"column":6},"end":{"line":31,"column":74}},"6":{"start":{"line":34,"column":20},"end":{"line":34,"column":56}},"7":{"start":{"line":36,"column":25},"end":{"line":37,"column":null}},"8":{"start":{"line":37,"column":6},"end":{"line":37,"column":32}},"9":{"start":{"line":40,"column":4},"end":{"line":43,"column":5}},"10":{"start":{"line":42,"column":6},"end":{"line":42,"column":18}},"11":{"start":{"line":45,"column":21},"end":{"line":48,"column":16}},"12":{"start":{"line":49,"column":25},"end":{"line":49,"column":66}},"13":{"start":{"line":50,"column":4},"end":{"line":50,"column":45}},"14":{"start":{"line":54,"column":0},"end":{"line":54,"column":35}}},"fnMap":{"0":{"name":"(anonymous_0)","decl":{"start":{"line":24,"column":2},"end":{"line":24,"column":3}},"loc":{"start":{"line":24,"column":46},"end":{"line":51,"column":3}}},"1":{"name":"(anonymous_1)","decl":{"start":{"line":36,"column":52},"end":{"line":36,"column":53}},"loc":{"start":{"line":37,"column":6},"end":{"line":37,"column":32}}}},"branchMap":{"0":{"loc":{"start":{"line":26,"column":4},"end":{"line":32,"column":5}},"type":"if","locations":[{"start":{"line":26,"column":4},"end":{"line":32,"column":5}}]},"1":{"loc":{"start":{"line":27,"column":6},"end":{"line":29,"column":71}},"type":"binary-expr","locations":[{"start":{"line":27,"column":6},"end":{"line":27,"column":11}},{"start":{"line":28,"column":6},"end":{"line":28,"column":30}},{"start":{"line":29,"column":6},"end":{"line":29,"column":71}}]},"2":{"loc":{"start":{"line":40,"column":4},"end":{"line":43,"column":5}},"type":"if","locations":[{"start":{"line":40,"column":4},"end":{"line":43,"column":5}}]},"3":{"loc":{"start":{"line":46,"column":14},"end":{"line":46,"column":51}},"type":"binary-expr","locations":[{"start":{"line":46,"column":14},"end":{"line":46,"column":33}},{"start":{"line":46,"column":37},"end":{"line":46,"column":51}}]}},"s":{"0":1,"1":1,"2":1,"3":1,"4":0,"5":0,"6":0,"7":0,"8":0,"9":0,"10":0,"11":0,"12":0,"13":0,"14":1},"f":{"0":0,"1":0},"b":{"0":[0],"1":[0,0,0],"2":[0],"3":[0,0]}}
,"/home/cassio-izidorio/SSD/dev-tests/ilumeo/src/infrastructure/logger/transports/console.transports.logger.ts": {"path":"/home/cassio-izidorio/SSD/dev-tests/ilumeo/src/infrastructure/logger/transports/console.transports.logger.ts","statementMap":{"0":{"start":{"line":1,"column":0},"end":{"line":1,"column":45}},"1":{"start":{"line":3,"column":25},"end":{"line":8,"column":2}},"2":{"start":{"line":10,"column":9},"end":{"line":10,"column":25}}},"fnMap":{},"branchMap":{},"s":{"0":1,"1":1,"2":1},"f":{},"b":{}}
,"/home/cassio-izidorio/SSD/dev-tests/ilumeo/src/infrastructure/services/cache.service.ts": {"path":"/home/cassio-izidorio/SSD/dev-tests/ilumeo/src/infrastructure/services/cache.service.ts","statementMap":{"0":{"start":{"line":1,"column":0},"end":{"line":1,"column":52}},"1":{"start":{"line":2,"column":0},"end":{"line":2,"column":54}},"2":{"start":{"line":5,"column":0},"end":{"line":5,"column":63}},"3":{"start":{"line":8,"column":7},"end":{"line":23,"column":null}},"4":{"start":{"line":11,"column":21},"end":{"line":11,"column":40}},"5":{"start":{"line":15,"column":4},"end":{"line":15,"column":71}},"6":{"start":{"line":18,"column":4},"end":{"line":18,"column":59}},"7":{"start":{"line":21,"column":4},"end":{"line":21,"column":60}},"8":{"start":{"line":8,"column":13},"end":{"line":8,"column":25}},"9":{"start":{"line":8,"column":13},"end":{"line":23,"column":null}}},"fnMap":{"0":{"name":"(anonymous_4)","decl":{"start":{"line":9,"column":2},"end":{"line":9,"column":null}},"loc":{"start":{"line":11,"column":40},"end":{"line":12,"column":6}}},"1":{"name":"(anonymous_5)","decl":{"start":{"line":14,"column":2},"end":{"line":14,"column":7}},"loc":{"start":{"line":14,"column":48},"end":{"line":16,"column":3}}},"2":{"name":"(anonymous_6)","decl":{"start":{"line":17,"column":2},"end":{"line":17,"column":7}},"loc":{"start":{"line":17,"column":26},"end":{"line":19,"column":3}}},"3":{"name":"(anonymous_7)","decl":{"start":{"line":20,"column":2},"end":{"line":20,"column":7}},"loc":{"start":{"line":20,"column":23},"end":{"line":22,"column":3}}}},"branchMap":{},"s":{"0":3,"1":3,"2":3,"3":3,"4":3,"5":1,"6":1,"7":1,"8":3,"9":3},"f":{"0":3,"1":1,"2":1,"3":1},"b":{}}
,"/home/cassio-izidorio/SSD/dev-tests/ilumeo/src/infrastructure/services/conversion-rate.service.ts": {"path":"/home/cassio-izidorio/SSD/dev-tests/ilumeo/src/infrastructure/services/conversion-rate.service.ts","statementMap":{"0":{"start":{"line":2,"column":0},"end":{"line":2,"column":121}},"1":{"start":{"line":3,"column":0},"end":{"line":3,"column":44}},"2":{"start":{"line":4,"column":0},"end":{"line":4,"column":47}},"3":{"start":{"line":7,"column":7},"end":{"line":39,"column":null}},"4":{"start":{"line":9,"column":21},"end":{"line":9,"column":35}},"5":{"start":{"line":10,"column":21},"end":{"line":10,"column":58}},"6":{"start":{"line":13,"column":57},"end":{"line":13,"column":62}},"7":{"start":{"line":14,"column":21},"end":{"line":14,"column":79}},"8":{"start":{"line":16,"column":23},"end":{"line":16,"column":60}},"9":{"start":{"line":17,"column":4},"end":{"line":19,"column":5}},"10":{"start":{"line":18,"column":6},"end":{"line":18,"column":24}},"11":{"start":{"line":22,"column":6},"end":{"line":22,"column":67}},"12":{"start":{"line":24,"column":19},"end":{"line":34,"column":6}},"13":{"start":{"line":36,"column":4},"end":{"line":36,"column":53}},"14":{"start":{"line":37,"column":4},"end":{"line":37,"column":18}},"15":{"start":{"line":7,"column":13},"end":{"line":7,"column":34}},"16":{"start":{"line":7,"column":13},"end":{"line":39,"column":null}}},"fnMap":{"0":{"name":"(anonymous_2)","decl":{"start":{"line":8,"column":2},"end":{"line":8,"column":null}},"loc":{"start":{"line":10,"column":100},"end":{"line":11,"column":6}}},"1":{"name":"(anonymous_3)","decl":{"start":{"line":12,"column":2},"end":{"line":12,"column":7}},"loc":{"start":{"line":12,"column":64},"end":{"line":38,"column":3}}}},"branchMap":{"0":{"loc":{"start":{"line":17,"column":4},"end":{"line":19,"column":5}},"type":"if","locations":[{"start":{"line":17,"column":4},"end":{"line":19,"column":5}}]},"1":{"loc":{"start":{"line":27,"column":14},"end":{"line":27,"column":31}},"type":"binary-expr","locations":[{"start":{"line":27,"column":14},"end":{"line":27,"column":26}},{"start":{"line":27,"column":30},"end":{"line":27,"column":31}}]},"2":{"loc":{"start":{"line":28,"column":15},"end":{"line":28,"column":34}},"type":"binary-expr","locations":[{"start":{"line":28,"column":15},"end":{"line":28,"column":28}},{"start":{"line":28,"column":32},"end":{"line":28,"column":34}}]}},"s":{"0":2,"1":2,"2":2,"3":2,"4":3,"5":3,"6":3,"7":3,"8":3,"9":3,"10":1,"11":2,"12":2,"13":2,"14":2,"15":2,"16":2},"f":{"0":3,"1":3},"b":{"0":[1],"1":[2,0],"2":[2,0]}}
,"/home/cassio-izidorio/SSD/dev-tests/ilumeo/src/shared/base/repository.ts": {"path":"/home/cassio-izidorio/SSD/dev-tests/ilumeo/src/shared/base/repository.ts","statementMap":{"0":{"start":{"line":20,"column":0},"end":{"line":20,"column":22}}},"fnMap":{},"branchMap":{},"s":{"0":4},"f":{},"b":{}}
,"/home/cassio-izidorio/SSD/dev-tests/ilumeo/src/shared/dtos/conversion-rate.dto.ts": {"path":"/home/cassio-izidorio/SSD/dev-tests/ilumeo/src/shared/dtos/conversion-rate.dto.ts","statementMap":{"0":{"start":{"line":1,"column":0},"end":{"line":1,"column":42}},"1":{"start":{"line":2,"column":0},"end":{"line":2,"column":24}},"2":{"start":{"line":4,"column":0},"end":{"line":4,"column":null}},"3":{"start":{"line":5,"column":2},"end":{"line":5,"column":null}},"4":{"start":{"line":6,"column":2},"end":{"line":6,"column":null}},"5":{"start":{"line":7,"column":2},"end":{"line":7,"column":null}},"6":{"start":{"line":8,"column":2},"end":{"line":8,"column":null}},"7":{"start":{"line":11,"column":13},"end":{"line":29,"column":4}},"8":{"start":{"line":21,"column":20},"end":{"line":21,"column":44}},"9":{"start":{"line":22,"column":18},"end":{"line":22,"column":40}},"10":{"start":{"line":23,"column":6},"end":{"line":23,"column":25}},"11":{"start":{"line":31,"column":0},"end":{"line":31,"column":13}},"12":{"start":{"line":35,"column":13},"end":{"line":41,"column":3}},"13":{"start":{"line":42,"column":0},"end":{"line":42,"column":13}}},"fnMap":{"0":{"name":"(anonymous_0)","decl":{"start":{"line":4,"column":0},"end":{"line":4,"column":12}},"loc":{"start":{"line":4,"column":19},"end":{"line":9,"column":1}}},"1":{"name":"(anonymous_1)","decl":{"start":{"line":20,"column":4},"end":{"line":20,"column":5}},"loc":{"start":{"line":20,"column":13},"end":{"line":24,"column":5}}}},"branchMap":{"0":{"loc":{"start":{"line":4,"column":12},"end":{"line":4,"column":null}},"type":"binary-expr","locations":[{"start":{"line":4,"column":12},"end":{"line":4,"column":19}},{"start":{"line":4,"column":19},"end":{"line":4,"column":null}}]}},"s":{"0":5,"1":5,"2":5,"3":5,"4":5,"5":5,"6":5,"7":5,"8":1,"9":1,"10":1,"11":5,"12":5,"13":5},"f":{"0":5,"1":1},"b":{"0":[5,5]}}
,"/home/cassio-izidorio/SSD/dev-tests/ilumeo/src/shared/middlewares/add-request-id.middleware.ts": {"path":"/home/cassio-izidorio/SSD/dev-tests/ilumeo/src/shared/middlewares/add-request-id.middleware.ts","statementMap":{"0":{"start":{"line":1,"column":0},"end":{"line":1,"column":60}},"1":{"start":{"line":3,"column":0},"end":{"line":3,"column":39}},"2":{"start":{"line":6,"column":7},"end":{"line":17,"column":null}},"3":{"start":{"line":8,"column":4},"end":{"line":8,"column":27}},"4":{"start":{"line":8,"column":20},"end":{"line":8,"column":27}},"5":{"start":{"line":10,"column":30},"end":{"line":10,"column":60}},"6":{"start":{"line":11,"column":18},"end":{"line":11,"column":25}},"7":{"start":{"line":12,"column":4},"end":{"line":12,"column":68}},"8":{"start":{"line":12,"column":28},"end":{"line":12,"column":68}},"9":{"start":{"line":13,"column":4},"end":{"line":13,"column":44}},"10":{"start":{"line":15,"column":4},"end":{"line":15,"column":18}},"11":{"start":{"line":6,"column":13},"end":{"line":6,"column":25}},"12":{"start":{"line":6,"column":13},"end":{"line":17,"column":null}}},"fnMap":{"0":{"name":"(anonymous_1)","decl":{"start":{"line":7,"column":2},"end":{"line":7,"column":5}},"loc":{"start":{"line":7,"column":55},"end":{"line":16,"column":3}}}},"branchMap":{"0":{"loc":{"start":{"line":8,"column":4},"end":{"line":8,"column":27}},"type":"if","locations":[{"start":{"line":8,"column":4},"end":{"line":8,"column":27}}]},"1":{"loc":{"start":{"line":12,"column":4},"end":{"line":12,"column":68}},"type":"if","locations":[{"start":{"line":12,"column":4},"end":{"line":12,"column":68}}]},"2":{"loc":{"start":{"line":13,"column":17},"end":{"line":13,"column":43}},"type":"binary-expr","locations":[{"start":{"line":13,"column":17},"end":{"line":13,"column":34}},{"start":{"line":13,"column":38},"end":{"line":13,"column":43}}]}},"s":{"0":1,"1":1,"2":1,"3":1,"4":0,"5":1,"6":1,"7":1,"8":0,"9":1,"10":1,"11":1,"12":1},"f":{"0":1},"b":{"0":[0],"1":[0],"2":[1,0]}}
,"/home/cassio-izidorio/SSD/dev-tests/ilumeo/src/shared/middlewares/logger.middleware.ts": {"path":"/home/cassio-izidorio/SSD/dev-tests/ilumeo/src/shared/middlewares/logger.middleware.ts","statementMap":{"0":{"start":{"line":1,"column":0},"end":{"line":1,"column":60}},"1":{"start":{"line":3,"column":0},"end":{"line":3,"column":59}},"2":{"start":{"line":6,"column":7},"end":{"line":20,"column":null}},"3":{"start":{"line":8,"column":4},"end":{"line":17,"column":7}},"4":{"start":{"line":18,"column":4},"end":{"line":18,"column":11}},"5":{"start":{"line":6,"column":13},"end":{"line":6,"column":29}},"6":{"start":{"line":6,"column":13},"end":{"line":20,"column":null}}},"fnMap":{"0":{"name":"(anonymous_1)","decl":{"start":{"line":7,"column":2},"end":{"line":7,"column":5}},"loc":{"start":{"line":7,"column":55},"end":{"line":19,"column":3}}}},"branchMap":{},"s":{"0":1,"1":1,"2":1,"3":1,"4":1,"5":1,"6":1},"f":{"0":1},"b":{}}
,"/home/cassio-izidorio/SSD/dev-tests/ilumeo/src/shared/pipes/zod.pipe.ts": {"path":"/home/cassio-izidorio/SSD/dev-tests/ilumeo/src/shared/pipes/zod.pipe.ts","statementMap":{"0":{"start":{"line":1,"column":0},"end":{"line":1,"column":77}},"1":{"start":{"line":2,"column":0},"end":{"line":2,"column":42}},"2":{"start":{"line":8,"column":7},"end":{"line":24,"column":null}},"3":{"start":{"line":9,"column":22},"end":{"line":9,"column":30}},"4":{"start":{"line":12,"column":4},"end":{"line":22,"column":5}},"5":{"start":{"line":13,"column":6},"end":{"line":13,"column":38}},"6":{"start":{"line":15,"column":6},"end":{"line":21,"column":7}},"7":{"start":{"line":16,"column":26},"end":{"line":19,"column":10}},"8":{"start":{"line":20,"column":8},"end":{"line":20,"column":38}},"9":{"start":{"line":8,"column":13},"end":{"line":8,"column":30}},"10":{"start":{"line":8,"column":13},"end":{"line":24,"column":null}}},"fnMap":{"0":{"name":"(anonymous_2)","decl":{"start":{"line":9,"column":2},"end":{"line":9,"column":22}},"loc":{"start":{"line":9,"column":39},"end":{"line":9,"column":43}}},"1":{"name":"(anonymous_3)","decl":{"start":{"line":11,"column":2},"end":{"line":11,"column":11}},"loc":{"start":{"line":11,"column":54},"end":{"line":23,"column":3}}}},"branchMap":{"0":{"loc":{"start":{"line":15,"column":6},"end":{"line":21,"column":7}},"type":"if","locations":[{"start":{"line":15,"column":6},"end":{"line":21,"column":7}}]}},"s":{"0":1,"1":1,"2":1,"3":3,"4":2,"5":2,"6":1,"7":1,"8":1,"9":1,"10":1},"f":{"0":3,"1":2},"b":{"0":[1]}}
,"/home/cassio-izidorio/SSD/dev-tests/ilumeo/src/shared/utils/encode64.ts": {"path":"/home/cassio-izidorio/SSD/dev-tests/ilumeo/src/shared/utils/encode64.ts","statementMap":{"0":{"start":{"line":1,"column":0},"end":{"line":1,"column":37}},"1":{"start":{"line":3,"column":36},"end":{"line":6,"column":1}},"2":{"start":{"line":4,"column":17},"end":{"line":4,"column":42}},"3":{"start":{"line":5,"column":2},"end":{"line":5,"column":35}},"4":{"start":{"line":3,"column":13},"end":{"line":3,"column":36}}},"fnMap":{"0":{"name":"(anonymous_0)","decl":{"start":{"line":3,"column":36},"end":{"line":3,"column":37}},"loc":{"start":{"line":3,"column":60},"end":{"line":6,"column":1}}}},"branchMap":{},"s":{"0":4,"1":4,"2":7,"3":7,"4":4},"f":{"0":7},"b":{}}
,"/home/cassio-izidorio/SSD/dev-tests/ilumeo/src/shared/utils/genId.ts": {"path":"/home/cassio-izidorio/SSD/dev-tests/ilumeo/src/shared/utils/genId.ts","statementMap":{"0":{"start":{"line":1,"column":0},"end":{"line":1,"column":33}},"1":{"start":{"line":3,"column":21},"end":{"line":8,"column":1}},"2":{"start":{"line":4,"column":2},"end":{"line":7,"column":66}},"3":{"start":{"line":3,"column":13},"end":{"line":3,"column":21}}},"fnMap":{"0":{"name":"(anonymous_0)","decl":{"start":{"line":3,"column":21},"end":{"line":3,"column":24}},"loc":{"start":{"line":3,"column":26},"end":{"line":8,"column":1}}}},"branchMap":{},"s":{"0":2,"1":2,"2":5,"3":2},"f":{"0":5},"b":{}}
,"/home/cassio-izidorio/SSD/dev-tests/ilumeo/src/shared/utils/object.ts": {"path":"/home/cassio-izidorio/SSD/dev-tests/ilumeo/src/shared/utils/object.ts","statementMap":{"0":{"start":{"line":7,"column":0},"end":{"line":7,"column":16}},"1":{"start":{"line":11,"column":26},"end":{"line":11,"column":28}},"2":{"start":{"line":20,"column":4},"end":{"line":36,"column":5}},"3":{"start":{"line":25,"column":6},"end":{"line":35,"column":7}},"4":{"start":{"line":26,"column":24},"end":{"line":26,"column":69}},"5":{"start":{"line":29,"column":8},"end":{"line":31,"column":9}},"6":{"start":{"line":30,"column":10},"end":{"line":30,"column":30}},"7":{"start":{"line":34,"column":8},"end":{"line":34,"column":33}},"8":{"start":{"line":40,"column":2},"end":{"line":40,"column":20}},"9":{"start":{"line":42,"column":2},"end":{"line":42,"column":15}}},"fnMap":{"0":{"name":"getFullKeyPaths","decl":{"start":{"line":7,"column":16},"end":{"line":7,"column":31}},"loc":{"start":{"line":9,"column":13},"end":{"line":43,"column":1}}},"1":{"name":"traverse","decl":{"start":{"line":19,"column":11},"end":{"line":19,"column":19}},"loc":{"start":{"line":19,"column":60},"end":{"line":37,"column":3}}}},"branchMap":{"0":{"loc":{"start":{"line":20,"column":4},"end":{"line":36,"column":5}},"type":"if","locations":[{"start":{"line":20,"column":4},"end":{"line":36,"column":5}}]},"1":{"loc":{"start":{"line":21,"column":6},"end":{"line":23,"column":32}},"type":"binary-expr","locations":[{"start":{"line":21,"column":6},"end":{"line":21,"column":16}},{"start":{"line":22,"column":6},"end":{"line":22,"column":36}},{"start":{"line":23,"column":6},"end":{"line":23,"column":32}}]},"2":{"loc":{"start":{"line":26,"column":24},"end":{"line":26,"column":69}},"type":"cond-expr","locations":[{"start":{"line":26,"column":38},"end":{"line":26,"column":62}},{"start":{"line":26,"column":65},"end":{"line":26,"column":69}}]},"3":{"loc":{"start":{"line":29,"column":8},"end":{"line":31,"column":9}},"type":"if","locations":[{"start":{"line":29,"column":8},"end":{"line":31,"column":9}}]}},"s":{"0":2,"1":4,"2":16,"3":11,"4":12,"5":12,"6":4,"7":12,"8":4,"9":4},"f":{"0":4,"1":16},"b":{"0":[11],"1":[16,16,11],"2":[8,4],"3":[4]}}
,"/home/cassio-izidorio/SSD/dev-tests/ilumeo/src/usecases/conversion-rate-usecases.ts": {"path":"/home/cassio-izidorio/SSD/dev-tests/ilumeo/src/usecases/conversion-rate-usecases.ts","statementMap":{"0":{"start":{"line":1,"column":0},"end":{"line":1,"column":112}},"1":{"start":{"line":3,"column":13},"end":{"line":5,"column":2}}},"fnMap":{},"branchMap":{},"s":{"0":1,"1":1},"f":{},"b":{}}
,"/home/cassio-izidorio/SSD/dev-tests/ilumeo/src/usecases/get-conversion-rate-evolution-by-filters.usecase.ts": {"path":"/home/cassio-izidorio/SSD/dev-tests/ilumeo/src/usecases/get-conversion-rate-evolution-by-filters.usecase.ts","statementMap":{"0":{"start":{"line":1,"column":0},"end":{"line":1,"column":110}},"1":{"start":{"line":2,"column":0},"end":{"line":2,"column":116}},"2":{"start":{"line":5,"column":0},"end":{"line":5,"column":52}},"3":{"start":{"line":8,"column":7},"end":{"line":33,"column":null}},"4":{"start":{"line":13,"column":21},"end":{"line":13,"column":52}},"5":{"start":{"line":17,"column":18},"end":{"line":17,"column":43}},"6":{"start":{"line":18,"column":17},"end":{"line":18,"column":40}},"7":{"start":{"line":19,"column":19},"end":{"line":19,"column":37}},"8":{"start":{"line":22,"column":6},"end":{"line":29,"column":null}},"9":{"start":{"line":31,"column":4},"end":{"line":31,"column":19}},"10":{"start":{"line":8,"column":13},"end":{"line":8,"column":55}},"11":{"start":{"line":8,"column":13},"end":{"line":33,"column":null}}},"fnMap":{"0":{"name":"(anonymous_4)","decl":{"start":{"line":11,"column":2},"end":{"line":11,"column":null}},"loc":{"start":{"line":13,"column":86},"end":{"line":14,"column":6}}},"1":{"name":"(anonymous_5)","decl":{"start":{"line":16,"column":2},"end":{"line":16,"column":7}},"loc":{"start":{"line":16,"column":45},"end":{"line":32,"column":3}}}},"branchMap":{"0":{"loc":{"start":{"line":17,"column":18},"end":{"line":17,"column":43}},"type":"binary-expr","locations":[{"start":{"line":17,"column":18},"end":{"line":17,"column":37}},{"start":{"line":17,"column":41},"end":{"line":17,"column":43}}]},"1":{"loc":{"start":{"line":18,"column":17},"end":{"line":18,"column":40}},"type":"binary-expr","locations":[{"start":{"line":18,"column":17},"end":{"line":18,"column":35}},{"start":{"line":18,"column":39},"end":{"line":18,"column":40}}]}},"s":{"0":4,"1":4,"2":4,"3":4,"4":3,"5":3,"6":3,"7":3,"8":3,"9":2,"10":4,"11":4},"f":{"0":3,"1":3},"b":{"0":[3,1],"1":[3,1]}}
}
